<?xml version="1.0" encoding="UTF-8"?>
<Site BuildName="Win32-MSBuild"
	BuildStamp="20240425-0418-Experimental"
	Name="avelinobasco"
	Generator="ctest-3.28.1"
	CompilerName="C:/Program Files/Microsoft Visual Studio/2022/Community/VC/Tools/MSVC/14.35.32215/bin/Hostx86/x64/cl.exe"
	CompilerVersion="19.35.32217.1"
	OSName="Windows"
	Hostname="avelinobasco"
	OSRelease=" Professional"
	OSVersion=" (Build 22631)"
	OSPlatform="AMD64"
	Is64Bits="1"
	VendorString="GenuineIntel"
	VendorID="Intel Corporation"
	FamilyID="6"
	ModelID="10"
	ProcessorCacheSize="-1"
	NumberOfLogicalCPU="16"
	NumberOfPhysicalCPU="12"
	TotalVirtualMemory="28288"
	TotalPhysicalMemory="16000"
	LogicalProcessorsPerPhysical="1"
	ProcessorClockFrequency="2188"
	>
	<Testing>
		<StartDateTime>Apr 25 12:18 Malay Peninsula Standard Time</StartDateTime>
		<StartTestTime>1714018733</StartTestTime>
		<TestList/>
		<EndDateTime>Apr 25 12:18 Malay Peninsula Standard Time</EndDateTime>
		<EndTestTime>1714018733</EndTestTime>
		<ElapsedMinutes>0</ElapsedMinutes>
	</Testing>
</Site>
